# JRE version: OpenJDK Runtime Environment (8.0_212) (build 1.8.0_212-release-1586-b4-5784211)
# Java VM: OpenJDK 64-Bit Server VM (25.212-b4-5784211 mixed mode linux-amd64 compressed oops)
Heap:
 PSYoungGen      total 501760K, used 0K [0x00000000e0000000, 0x0000000100000000, 0x0000000100000000)
  eden space 479232K, 0% used [0x00000000e0000000,0x00000000e0000000,0x00000000fd400000)
  from space 22528K, 0% used [0x00000000fd400000,0x00000000fd400000,0x00000000fea00000)
  to   space 22528K, 0% used [0x00000000fea00000,0x00000000fea00000,0x0000000100000000)
 ParOldGen       total 173056K, used 159352K [0x00000000a0000000, 0x00000000aa900000, 0x00000000e0000000)
  object space 173056K, 92% used [0x00000000a0000000,0x00000000a9b9e350,0x00000000aa900000)
 Metaspace       used 107097K, capacity 111150K, committed 111912K, reserved 1146880K
  class space    used 13347K, capacity 14136K, committed 14376K, reserved 1048576K
GC Heap History (10 events):
Event: 1338.385 GC heap after
Heap after GC invocations=93 (full 6):
 PSYoungGen      total 499200K, used 10152K [0x00000000e0000000, 0x00000000ffe00000, 0x0000000100000000)
  eden space 478208K, 0% used [0x00000000e0000000,0x00000000e0000000,0x00000000fd300000)
  from space 20992K, 48% used [0x00000000fd300000,0x00000000fdcea298,0x00000000fe780000)
  to   space 20480K, 0% used [0x00000000fea00000,0x00000000fea00000,0x00000000ffe00000)
 ParOldGen       total 152576K, used 88239K [0x00000000a0000000, 0x00000000a9500000, 0x00000000e0000000)
  object space 152576K, 57% used [0x00000000a0000000,0x00000000a562bf88,0x00000000a9500000)
 Metaspace       used 105798K, capacity 109716K, committed 110376K, reserved 1144832K
  class space    used 13219K, capacity 13968K, committed 14120K, reserved 1048576K
}
Event: 1357.110 GC heap before
{Heap before GC invocations=94 (full 6):
 PSYoungGen      total 499200K, used 488360K [0x00000000e0000000, 0x00000000ffe00000, 0x0000000100000000)
  eden space 478208K, 100% used [0x00000000e0000000,0x00000000fd300000,0x00000000fd300000)
  from space 20992K, 48% used [0x00000000fd300000,0x00000000fdcea298,0x00000000fe780000)
  to   space 20480K, 0% used [0x00000000fea00000,0x00000000fea00000,0x00000000ffe00000)
 ParOldGen       total 152576K, used 88241K [0x00000000a0000000, 0x00000000a9500000, 0x00000000e0000000)
  object space 152576K, 57% used [0x00000000a0000000,0x00000000a562c7d8,0x00000000a9500000)
 Metaspace       used 105996K, capacity 109966K, committed 110376K, reserved 1144832K
  class space    used 13253K, capacity 14019K, committed 14120K, reserved 1048576K
Event: 1357.807 GC heap after
Heap after GC invocations=94 (full 6):
 PSYoungGen      total 500736K, used 15388K [0x00000000e0000000, 0x0000000100000000, 0x0000000100000000)
  eden space 480256K, 0% used [0x00000000e0000000,0x00000000e0000000,0x00000000fd500000)
  from space 20480K, 75% used [0x00000000fea00000,0x00000000ff907340,0x00000000ffe00000)
  to   space 21504K, 0% used [0x00000000fd500000,0x00000000fd500000,0x00000000fea00000)
 ParOldGen       total 152576K, used 94193K [0x00000000a0000000, 0x00000000a9500000, 0x00000000e0000000)
  object space 152576K, 61% used [0x00000000a0000000,0x00000000a5bfc6e0,0x00000000a9500000)
 Metaspace       used 105996K, capacity 109966K, committed 110376K, reserved 1144832K
  class space    used 13253K, capacity 14019K, committed 14120K, reserved 1048576K
}
Event: 1359.274 GC heap before
{Heap before GC invocations=95 (full 6):
 PSYoungGen      total 500736K, used 495644K [0x00000000e0000000, 0x0000000100000000, 0x0000000100000000)
  eden space 480256K, 100% used [0x00000000e0000000,0x00000000fd500000,0x00000000fd500000)
  from space 20480K, 75% used [0x00000000fea00000,0x00000000ff907340,0x00000000ffe00000)
  to   space 21504K, 0% used [0x00000000fd500000,0x00000000fd500000,0x00000000fea00000)
 ParOldGen       total 152576K, used 94193K [0x00000000a0000000, 0x00000000a9500000, 0x00000000e0000000)
  object space 152576K, 61% used [0x00000000a0000000,0x00000000a5bfc6e0,0x00000000a9500000)
 Metaspace       used 106017K, capacity 109966K, committed 110376K, reserved 1144832K
  class space    used 13256K, capacity 14019K, committed 14120K, reserved 1048576K
Event: 1359.395 GC heap after
Heap after GC invocations=95 (full 6):
 PSYoungGen      total 501760K, used 3744K [0x00000000e0000000, 0x0000000100000000, 0x0000000100000000)
  eden space 480256K, 0% used [0x00000000e0000000,0x00000000e0000000,0x00000000fd500000)
  from space 21504K, 17% used [0x00000000fd500000,0x00000000fd8a8030,0x00000000fea00000)
  to   space 21504K, 0% used [0x00000000feb00000,0x00000000feb00000,0x0000000100000000)
 ParOldGen       total 152576K, used 107064K [0x00000000a0000000, 0x00000000a9500000, 0x00000000e0000000)
  object space 152576K, 70% used [0x00000000a0000000,0x00000000a688e3f0,0x00000000a9500000)
 Metaspace       used 106017K, capacity 109966K, committed 110376K, reserved 1144832K
  class space    used 13256K, capacity 14019K, committed 14120K, reserved 1048576K
}
Event: 1462.947 GC heap before
{Heap before GC invocations=96 (full 6):
 PSYoungGen      total 501760K, used 484000K [0x00000000e0000000, 0x0000000100000000, 0x0000000100000000)
  eden space 480256K, 100% used [0x00000000e0000000,0x00000000fd500000,0x00000000fd500000)
  from space 21504K, 17% used [0x00000000fd500000,0x00000000fd8a8030,0x00000000fea00000)
  to   space 21504K, 0% used [0x00000000feb00000,0x00000000feb00000,0x0000000100000000)
 ParOldGen       total 152576K, used 107064K [0x00000000a0000000, 0x00000000a9500000, 0x00000000e0000000)
  object space 152576K, 70% used [0x00000000a0000000,0x00000000a688e3f0,0x00000000a9500000)
 Metaspace       used 106632K, capacity 110714K, committed 110888K, reserved 1146880K
  class space    used 13343K, capacity 14109K, committed 14120K, reserved 1048576K
Event: 1464.269 GC heap after
Heap after GC invocations=96 (full 6):
 PSYoungGen      total 500736K, used 15528K [0x00000000e0000000, 0x0000000100000000, 0x0000000100000000)
  eden space 479232K, 0% used [0x00000000e0000000,0x00000000e0000000,0x00000000fd400000)
  from space 21504K, 72% used [0x00000000feb00000,0x00000000ffa2a1e0,0x0000000100000000)
  to   space 22528K, 0% used [0x00000000fd400000,0x00000000fd400000,0x00000000fea00000)
 ParOldGen       total 152576K, used 108873K [0x00000000a0000000, 0x00000000a9500000, 0x00000000e0000000)
  object space 152576K, 71% used [0x00000000a0000000,0x00000000a6a52440,0x00000000a9500000)
 Metaspace       used 106632K, capacity 110714K, committed 110888K, reserved 1146880K
  class space    used 13343K, capacity 14109K, committed 14120K, reserved 1048576K
}
Event: 1493.382 GC heap before
{Heap before GC invocations=97 (full 6):
 PSYoungGen      total 500736K, used 494760K [0x00000000e0000000, 0x0000000100000000, 0x0000000100000000)
  eden space 479232K, 100% used [0x00000000e0000000,0x00000000fd400000,0x00000000fd400000)
  from space 21504K, 72% used [0x00000000feb00000,0x00000000ffa2a1e0,0x0000000100000000)
  to   space 22528K, 0% used [0x00000000fd400000,0x00000000fd400000,0x00000000fea00000)
 ParOldGen       total 152576K, used 108873K [0x00000000a0000000, 0x00000000a9500000, 0x00000000e0000000)
  object space 152576K, 71% used [0x00000000a0000000,0x00000000a6a52440,0x00000000a9500000)
 Metaspace       used 107403K, capacity 111660K, committed 111912K, reserved 1146880K
  class space    used 13422K, capacity 14252K, committed 14376K, reserved 1048576K
Event: 1494.068 GC heap after
Heap after GC invocations=97 (full 6):
 PSYoungGen      total 501760K, used 22519K [0x00000000e0000000, 0x0000000100000000, 0x0000000100000000)
  eden space 479232K, 0% used [0x00000000e0000000,0x00000000e0000000,0x00000000fd400000)
  from space 22528K, 99% used [0x00000000fd400000,0x00000000fe9fde80,0x00000000fea00000)
  to   space 22528K, 0% used [0x00000000fea00000,0x00000000fea00000,0x0000000100000000)
 ParOldGen       total 173056K, used 172595K [0x00000000a0000000, 0x00000000aa900000, 0x00000000e0000000)
  object space 173056K, 99% used [0x00000000a0000000,0x00000000aa88cff8,0x00000000aa900000)
 Metaspace       used 107403K, capacity 111660K, committed 111912K, reserved 1146880K
  class space    used 13422K, capacity 14252K, committed 14376K, reserved 1048576K
}
Event: 1494.076 GC heap before
{Heap before GC invocations=98 (full 7):
 PSYoungGen      total 501760K, used 22519K [0x00000000e0000000, 0x0000000100000000, 0x0000000100000000)
  eden space 479232K, 0% used [0x00000000e0000000,0x00000000e0000000,0x00000000fd400000)
  from space 22528K, 99% used [0x00000000fd400000,0x00000000fe9fde80,0x00000000fea00000)
  to   space 22528K, 0% used [0x00000000fea00000,0x00000000fea00000,0x0000000100000000)
 ParOldGen       total 173056K, used 172595K [0x00000000a0000000, 0x00000000aa900000, 0x00000000e0000000)
  object space 173056K, 99% used [0x00000000a0000000,0x00000000aa88cff8,0x00000000aa900000)
 Metaspace       used 107403K, capacity 111660K, committed 111912K, reserved 1146880K
  class space    used 13422K, capacity 14252K, committed 14376K, reserved 1048576K

